3-14-2022 15:51-debug: Start record console... {file(/Users/lamngo/Desktop/Cocos/RedandBlue_1/temp/builder/log/web-mobile3-14-2022 15-51.log)}
3-14-2022 15:51-debug: cocos-service:(onBeforeBuild) start...0%
3-14-2022 15:51-debug: // ---- cocos-service:(onBeforeBuild) ----
3-14-2022 15:51-debug: Process: heapTotal 197.52MB heapUsed 174.02MB rss 415.64MB
3-14-2022 15:51-debug: Start build task, options:{"name":"RedandBlue_1","platform":"web-mobile","buildPath":"project://build","debug":false,"md5Cache":false,"sourceMaps":false,"replaceSplashScreen":false,"mainBundleCompressionType":"merge_dep","mainBundleIsRemote":false,"mergeStartScene":false,"experimentalEraseModules":false,"compressTexture":true,"packAutoAtlas":true,"startScene":"ff4226fe-0acf-401b-bca2-29453348327c","scenes":[{"url":"db://assets/Scene/scene.scene","uuid":"ff4226fe-0acf-401b-bca2-29453348327c","inBundle":false}],"outputName":"lamnt-RedAndBlue","packages":{"web-mobile":{"orientation":"auto","polyfills":{"asyncFunctions":true}},"cocos-service":{"configID":"7ef3a2","services":[{"service_id":"235","service_component_name":"service-analytics","builder":"/Users/lamngo/.CocosCreator/.service/analytics/builder/builder.js","enable":false,"params":{}}]}}}
3-14-2022 15:51-debug: Build with Cocos Creator 3.4.1
3-14-2022 15:51-debug: =================================== Build Task (lamnt-RedAndBlue) Start ================================
3-14-2022 15:51-debug: // ---- cocos-service:(onBeforeBuild) success ----
3-14-2022 15:51-debug: cocos-service:(onBeforeBuild)3%
3-14-2022 15:51-debug: Query all assets info in project
3-14-2022 15:51-debug: init custom config: keepNodeUuid: false, useCache: true
3-14-2022 15:51-debug: BuildAssetLibrary query-assets with assets 222
3-14-2022 15:51-debug:   Number of other assets: 294
3-14-2022 15:51-debug: web-mobile:(onAfterInit) start...3%
3-14-2022 15:51-debug: // ---- web-mobile:(onAfterInit) ----
3-14-2022 15:51-debug: Process: heapTotal 197.71MB heapUsed 177.01MB rss 415.72MB
3-14-2022 15:51-debug: // ---- web-mobile:(onAfterInit) success ----
3-14-2022 15:51-debug: web-mobile:(onAfterInit)5%
3-14-2022 15:51-debug: Reload project scripts start5%
3-14-2022 15:51-log: // ---- Reload project scripts ----
3-14-2022 15:51-debug:   Number of all scenes: 1
3-14-2022 15:51-debug: BuildAssetLibrary initialized with asset 294!
3-14-2022 15:51-debug: Process: heapTotal 197.71MB heapUsed 177.03MB rss 415.73MB
3-14-2022 15:51-debug:   Number of all scripts: 11
3-14-2022 15:51-debug: reload all scripts.
3-14-2022 15:51-debug: Incremental keys: 
3-14-2022 15:51-debug: [[Executor]] Module "cce:/internal/x/cc-fu/base" loaded.
3-14-2022 15:51-debug: [[Executor]] Module "cce:/internal/x/cc-fu/2d" loaded.
3-14-2022 15:51-debug: [[Executor]] Module "cce:/internal/x/cc-fu/ui" loaded.
3-14-2022 15:51-debug: [[Executor]] Module "cce:/internal/x/cc-fu/particle" loaded.
3-14-2022 15:51-debug: [[Executor]] Module "cce:/internal/x/cc-fu/particle-2d" loaded.
3-14-2022 15:51-debug: [[Executor]] Module "cce:/internal/x/cc-fu/physics-framework" loaded.
3-14-2022 15:51-debug: [[Executor]] Module "cce:/internal/x/cc-fu/physics-2d-framework" loaded.
3-14-2022 15:51-debug: [[Executor]] Module "cce:/internal/x/cc-fu/intersection-2d" loaded.
3-14-2022 15:51-debug: [[Executor]] Module "cce:/internal/x/cc-fu/primitive" loaded.
3-14-2022 15:51-debug: [[Executor]] Module "cce:/internal/x/cc-fu/profiler" loaded.
3-14-2022 15:51-debug: [[Executor]] Module "cce:/internal/x/cc-fu/audio" loaded.
3-14-2022 15:51-debug: [[Executor]] Module "cce:/internal/x/cc-fu/video" loaded.
3-14-2022 15:51-debug: [[Executor]] Module "cce:/internal/x/cc-fu/terrain" loaded.
3-14-2022 15:51-debug: [[Executor]] Module "cce:/internal/x/cc-fu/webview" loaded.
3-14-2022 15:51-debug: [[Executor]] Module "cce:/internal/x/cc-fu/3d" loaded.
3-14-2022 15:51-debug: [[Executor]] Module "cce:/internal/x/cc-fu/tiled-map" loaded.
3-14-2022 15:51-debug: [[Executor]] Module "cce:/internal/x/cc-fu/spine" loaded.
3-14-2022 15:51-debug: [[Executor]] Module "cce:/internal/x/cc-fu/dragon-bones" loaded.
3-14-2022 15:51-debug: [[Executor]] Module "pack:///mods/cce/internal/x/cc.js" loaded.
3-14-2022 15:51-debug: Invalidating 'pack:///mods/cce/internal/x/cc.js'
3-14-2022 15:51-debug: [[Executor]] Module "pack:///mods/cce/internal/x/prerequisite-imports.js" loaded.
3-14-2022 15:51-debug: [[Executor]] Module "pack:///mods/cce/internal/x/cc.js" loaded.
3-14-2022 15:51-debug: [[Executor]] Register BulletAct
3-14-2022 15:51-debug: [[Executor]] Module "pack:///mods/fs/0/assets/Script/BulletAct.js" loaded.
3-14-2022 15:51-debug: [[Executor]] Module "pack:///mods/cce/internal/code-quality/cr.js" loaded.
3-14-2022 15:51-debug: [[Executor]] Register IconSpawn
3-14-2022 15:51-debug: [[Executor]] Module "pack:///mods/fs/0/assets/Script/IconSpawn.js" loaded.
3-14-2022 15:51-debug: [[Executor]] Register BulletIcon
3-14-2022 15:51-debug: [[Executor]] Module "pack:///mods/fs/0/assets/Script/BulletIcon.js" loaded.
3-14-2022 15:51-debug: [[Executor]] Register Enemy
3-14-2022 15:51-debug: [[Executor]] Module "pack:///mods/fs/0/assets/Script/Enemy.js" loaded.
3-14-2022 15:51-debug: [[Executor]] Register PoolManager
3-14-2022 15:51-debug: [[Executor]] Module "pack:///mods/fs/0/assets/Script/PoolManager.js" loaded.
3-14-2022 15:51-debug: [[Executor]] Register EnemySpawner
3-14-2022 15:51-debug: [[Executor]] Module "pack:///mods/fs/0/assets/Script/EnemySpawner.js" loaded.
3-14-2022 15:51-debug: [[Executor]] Register GameManager
3-14-2022 15:51-debug: [[Executor]] Module "pack:///mods/fs/0/assets/Script/GameManager.js" loaded.
3-14-2022 15:51-debug: [[Executor]] Register Player
3-14-2022 15:51-debug: [[Executor]] Module "pack:///mods/fs/0/assets/Script/Player.js" loaded.
3-14-2022 15:51-debug: [[Executor]] Register ShieldAct
3-14-2022 15:51-debug: [[Executor]] Module "pack:///mods/fs/0/assets/Script/ShieldAct.js" loaded.
3-14-2022 15:51-debug: [[Executor]] Register ShieldIcon
3-14-2022 15:51-debug: [[Executor]] Module "pack:///mods/fs/0/assets/Script/ShieldIcon.js" loaded.
3-14-2022 15:51-debug: [[Executor]] Register TouchManager
3-14-2022 15:51-debug: [[Executor]] Module "pack:///mods/fs/0/assets/Script/TouchManager.js" loaded.
3-14-2022 15:51-debug: [[Executor]] Module "pack:///mods/cce/internal/x/prerequisite-imports.js" loaded.
3-14-2022 15:51-debug: Reload project scripts √6%
3-14-2022 15:51-debug: Query asset bundle start6%
3-14-2022 15:51-log: // ---- Query asset bundle ----
3-14-2022 15:51-debug: Process: heapTotal 197.62MB heapUsed 173.11MB rss 415.91MB
3-14-2022 15:51-debug: [[Executor]] Module "cce:/internal/x/cc-fu/gfx-webgl" loaded.
3-14-2022 15:51-debug: [[Executor]] Module "cce:/internal/x/cc-fu/tween" loaded.
3-14-2022 15:51-debug: [[Executor]] Module "cce:/internal/x/cc-fu/gfx-webgl2" loaded.
3-14-2022 15:51-debug: Query asset bundle √8%
3-14-2022 15:51-debug: Process: heapTotal 197.62MB heapUsed 173.21MB rss 415.91MB
3-14-2022 15:51-debug: Number of scenes: 1
3-14-2022 15:51-debug: Query and organize assets start8%
3-14-2022 15:51-log: // ---- Query and organize assets ----
3-14-2022 15:51-debug: Number of assets: 13
3-14-2022 15:51-log: // ---- Organize scripts ----
3-14-2022 15:51-debug: Process: heapTotal 197.99MB heapUsed 175.59MB rss 416.27MB
3-14-2022 15:51-debug: sort script group...
3-14-2022 15:51-debug: Organize scripts √10%
3-14-2022 15:51-debug: Organize texture compression tasks start10%
3-14-2022 15:51-log: // ---- Organize texture compression tasks ----
3-14-2022 15:51-debug: Process: heapTotal 197.99MB heapUsed 175.61MB rss 416.27MB
3-14-2022 15:51-debug: Query and organize assets √9%
3-14-2022 15:51-debug: Organize scripts start9%
3-14-2022 15:51-debug: Number of asset bundle: 1
3-14-2022 15:51-debug: Number of image-compress task: 0
3-14-2022 15:51-debug: Organize texture compression tasks √11%
3-14-2022 15:51-debug: Number of json group: 1
3-14-2022 15:51-debug: Group json √12%
3-14-2022 15:51-debug: Merging Texture2D json start12%
3-14-2022 15:51-log: // ---- Merging Texture2D json ----
3-14-2022 15:51-debug: Process: heapTotal 197.99MB heapUsed 175.76MB rss 416.56MB
3-14-2022 15:51-debug: Merging Texture2D json √14%
3-14-2022 15:51-debug:  start14%
3-14-2022 15:51-log: // ----  ----
3-14-2022 15:51-debug: Process: heapTotal 197.99MB heapUsed 175.77MB rss 416.57MB
3-14-2022 15:51-debug:  √15%
3-14-2022 15:51-debug: web-mobile:(onBeforeBuildAssets) start...15%
3-14-2022 15:51-debug: // ---- web-mobile:(onBeforeBuildAssets) ----
3-14-2022 15:51-debug: Process: heapTotal 197.99MB heapUsed 175.79MB rss 416.57MB
3-14-2022 15:51-debug: // ---- web-mobile:(onBeforeBuildAssets) success ----
3-14-2022 15:51-debug: web-mobile:(onBeforeBuildAssets)18%
3-14-2022 15:51-debug:  start18%
3-14-2022 15:51-log: // ----  ----
3-14-2022 15:51-debug: Process: heapTotal 197.99MB heapUsed 175.81MB rss 416.57MB
3-14-2022 15:51-debug: Process: heapTotal 197.99MB heapUsed 175.73MB rss 416.55MB
3-14-2022 15:51-log: // ---- Group json ----
3-14-2022 15:51-debug: Group json start11%
3-14-2022 15:51-debug: Build script18%
3-14-2022 15:51-debug: Process: heapTotal 215.64MB heapUsed 193.97MB rss 239.55MB
3-14-2022 15:51-debug: Copy externalScripts success!
3-14-2022 15:51-debug: Process: heapTotal 236.29MB heapUsed 216.29MB rss 155.08MB
3-14-2022 15:51-debug: Build script√18%
3-14-2022 15:51-debug: Build engine18%
3-14-2022 15:51-debug: Use cache engine: {link(/var/folders/ww/l9gf6zqj2gv298pfxmwysbcm0000gn/T/CocosCreator/3.4.1/builder/engine/b92c1fbd15020854c3d5b7692f8a942b)}
3-14-2022 15:51-debug: {"debug":false,"sourceMaps":false,"includeModules":["base","gfx-webgl","gfx-webgl2","2d","ui","physics-2d-box2d","intersection-2d","profiler","particle-2d","audio","video","webview","tween","tiled-map","spine","dragon-bones","marionette"],"engineVersion":"3.4.1","platform":"HTML5","md5Map":[],"engineName":"cocos-js","useCache":true,"split":false,"ammoJsWasm":"fallback","assetURLFormat":"runtime-resolved","entry":"/Applications/CocosCreator/Creator/3.4.1/CocosCreator.app/Contents/Resources/resources/3d/engine"}
3-14-2022 15:51-debug: Build engine√18%
3-14-2022 15:51-log: // ---- Build auto-atlas ----
3-14-2022 15:51-debug: Build auto-atlas √31%
3-14-2022 15:51-debug: Compress Image start31%
3-14-2022 15:51-log: // ---- Compress Image ----
3-14-2022 15:51-debug: Process: heapTotal 236.29MB heapUsed 218.05MB rss 159.43MB
3-14-2022 15:51-debug: Compress Image √37%
3-14-2022 15:51-debug: Copy the resource start37%
3-14-2022 15:51-log: // ---- Copy the resource ----
3-14-2022 15:51-debug: Process: heapTotal 236.29MB heapUsed 218.06MB rss 159.45MB
3-14-2022 15:51-debug: Build auto-atlas start24%
3-14-2022 15:51-debug:  √24%
3-14-2022 15:51-debug: Process: heapTotal 236.29MB heapUsed 218.03MB rss 159.11MB
3-14-2022 15:51-debug: Asset Bundle(main) handle assets: 13
3-14-2022 15:51-debug: Process: heapTotal 236.29MB heapUsed 218.16MB rss 159.65MB
3-14-2022 15:51-debug: Copy the resource √44%
3-14-2022 15:51-debug: Build the grouped json and scatter files to the specified location start44%
3-14-2022 15:51-log: // ---- Build the grouped json and scatter files to the specified location ----
3-14-2022 15:51-debug: Json group(build-task/json) compile success，json number: 6
3-14-2022 15:51-debug: Build the grouped json and scatter files to the specified location √51%
3-14-2022 15:51-debug: Process: heapTotal 240.23MB heapUsed 219.73MB rss 179.52MB
3-14-2022 15:51-log: // ---- Compress zip bundle ----
3-14-2022 15:51-debug: Add md5 suffix to assets start57%
3-14-2022 15:51-debug: Process: heapTotal 240.23MB heapUsed 219.75MB rss 179.67MB
3-14-2022 15:51-debug: Add md5 suffix to assets √68%
3-14-2022 15:51-debug: Init settings and config start68%
3-14-2022 15:51-log: // ---- Init settings and config ----
3-14-2022 15:51-debug: Process: heapTotal 240.23MB heapUsed 219.76MB rss 179.69MB
3-14-2022 15:51-debug: Init settings and config √68%
3-14-2022 15:51-debug: tasks.settings.macro does not defined in i18n
3-14-2022 15:51-debug: tasks.settings.macro start68%
3-14-2022 15:51-log: // ---- tasks.settings.macro ----
3-14-2022 15:51-debug: Process: heapTotal 240.23MB heapUsed 219.77MB rss 179.73MB
3-14-2022 15:51-log: // ---- Add md5 suffix to assets ----
3-14-2022 15:51-debug: Compress zip bundle √57%
3-14-2022 15:51-debug: Compress zip bundle start51%
3-14-2022 15:51-debug: tasks.settings.macro √69%
3-14-2022 15:51-debug: Use cached settings start69%
3-14-2022 15:51-log: // ---- Use cached settings ----
3-14-2022 15:51-debug: Process: heapTotal 240.48MB heapUsed 220.40MB rss 180.12MB
3-14-2022 15:51-debug: Use cached settings √69%
3-14-2022 15:51-debug: custom joint texture layouts start69%
3-14-2022 15:51-log: // ---- custom joint texture layouts ----
3-14-2022 15:51-debug: Process: heapTotal 240.48MB heapUsed 220.49MB rss 180.26MB
3-14-2022 15:51-debug: custom joint texture layouts √70%
3-14-2022 15:51-debug: custom joint physics start70%
3-14-2022 15:51-log: // ---- custom joint physics ----
3-14-2022 15:51-debug: Process: heapTotal 240.48MB heapUsed 220.55MB rss 180.26MB
3-14-2022 15:51-debug: custom joint physics √70%
3-14-2022 15:51-debug: Fill script data to settings start70%
3-14-2022 15:51-log: // ---- Fill script data to settings ----
3-14-2022 15:51-debug: Process: heapTotal 240.48MB heapUsed 220.56MB rss 180.29MB
3-14-2022 15:51-debug: Fill script data to settings √71%
3-14-2022 15:51-debug: Fill scene data to settings start71%
3-14-2022 15:51-log: // ---- Fill scene data to settings ----
3-14-2022 15:51-debug: Process: heapTotal 240.48MB heapUsed 220.57MB rss 180.30MB
3-14-2022 15:51-debug: Fill scene data to settings √71%
3-14-2022 15:51-debug: Organize assets groups，generate packedAssets and rawAssets data start71%
3-14-2022 15:51-debug: Generate md5AssetsMap from suffixMap to settings start72%
3-14-2022 15:51-log: // ---- Generate md5AssetsMap from suffixMap to settings ----
3-14-2022 15:51-debug: Process: heapTotal 240.48MB heapUsed 220.59MB rss 180.33MB
3-14-2022 15:51-debug: options.md5Cache is false.
3-14-2022 15:51-debug: Generate md5AssetsMap from suffixMap to settings √72%
3-14-2022 15:51-debug: web-mobile:(onBeforeCompressSettings) start...72%
3-14-2022 15:51-debug: // ---- web-mobile:(onBeforeCompressSettings) ----
3-14-2022 15:51-debug: Process: heapTotal 240.48MB heapUsed 220.61MB rss 180.35MB
3-14-2022 15:51-debug: // ---- web-mobile:(onBeforeCompressSettings) success ----
3-14-2022 15:51-debug: web-mobile:(onBeforeCompressSettings)75%
3-14-2022 15:51-debug: // ---- cocos-service:(onBeforeCompressSettings) ----
3-14-2022 15:51-debug: cocos-service:(onBeforeCompressSettings) start...75%
3-14-2022 15:51-debug: Process: heapTotal 240.48MB heapUsed 220.63MB rss 180.38MB
3-14-2022 15:51-log: // ---- Organize assets groups，generate packedAssets and rawAssets data ----
3-14-2022 15:51-debug: Organize assets groups，generate packedAssets and rawAssets data √72%
3-14-2022 15:51-debug: Process: heapTotal 240.48MB heapUsed 220.58MB rss 180.30MB
3-14-2022 15:51-debug: // ---- cocos-service:(onBeforeCompressSettings) success ----
3-14-2022 15:51-debug:  start77%
3-14-2022 15:51-log: // ----  ----
3-14-2022 15:51-debug: Process: heapTotal 240.48MB heapUsed 221.08MB rss 180.65MB
3-14-2022 15:51-debug: cocos-service:(onBeforeCompressSettings)77%
3-14-2022 15:51-debug:  √78%
3-14-2022 15:51-debug: Compress settings.json and config.json √79%
3-14-2022 15:51-debug: Save config.json start79%
3-14-2022 15:51-log: // ---- Save config.json ----
3-14-2022 15:51-debug: Process: heapTotal 240.48MB heapUsed 221.16MB rss 180.70MB
3-14-2022 15:51-debug: Save config.json √80%
3-14-2022 15:51-debug: Save Settings.json start80%
3-14-2022 15:51-log: // ---- Save Settings.json ----
3-14-2022 15:51-debug: Process: heapTotal 240.48MB heapUsed 221.18MB rss 180.75MB
3-14-2022 15:51-debug: Save Settings.json √81%
3-14-2022 15:51-debug: Sort build template start81%
3-14-2022 15:51-log: // ---- Sort build template ----
3-14-2022 15:51-debug: Process: heapTotal 240.48MB heapUsed 221.31MB rss 180.76MB
3-14-2022 15:51-debug: Sort build template √82%
3-14-2022 15:51-debug: cocos-service:(onAfterCompressSettings) start...82%
3-14-2022 15:51-debug: // ---- cocos-service:(onAfterCompressSettings) ----
3-14-2022 15:51-debug: Process: heapTotal 241.29MB heapUsed 218.33MB rss 188.27MB
3-14-2022 15:51-debug: Process: heapTotal 240.48MB heapUsed 221.14MB rss 180.66MB
3-14-2022 15:51-debug: Compress settings.json and config.json start78%
3-14-2022 15:51-log: // ---- Compress settings.json and config.json ----
3-14-2022 15:51-debug: // ---- cocos-service:(onAfterCompressSettings) success ----
3-14-2022 15:51-debug: web-mobile:(onAfterBuild) start...85%
3-14-2022 15:51-debug: // ---- web-mobile:(onAfterBuild) success ----
3-14-2022 15:51-debug: web-mobile:(onAfterBuild)87%
3-14-2022 15:51-debug: cocos-service:(onAfterBuild) start...87%
3-14-2022 15:51-debug: // ---- cocos-service:(onAfterBuild) ----
3-14-2022 15:51-debug: Process: heapTotal 241.29MB heapUsed 218.74MB rss 187.94MB
3-14-2022 15:51-debug: // ---- web-mobile:(onAfterBuild) ----
3-14-2022 15:51-debug: cocos-service:(onAfterCompressSettings)85%
3-14-2022 15:51-debug: Process: heapTotal 241.29MB heapUsed 220.77MB rss 188.29MB
3-14-2022 15:51-debug: // ---- cocos-service:(onAfterBuild) success ----
3-14-2022 15:51-debug: cocos-service:(onAfterBuild)90%
3-14-2022 15:51-debug: build success in 17406 ms!
3-14-2022 15:51-debug: Stop record console. {file(/Users/lamngo/Desktop/Cocos/RedandBlue_1/temp/builder/log/web-mobile3-14-2022 15-51.log)}
