3-8-2022 16:46-debug: Start record console... {file(/Users/lamngo/Desktop/Cocos/RedandBlue_1/temp/builder/log/web-mobile3-8-2022 16-46.log)}
3-8-2022 16:46-debug: cocos-service:(onBeforeBuild) start...0%
3-8-2022 16:46-debug: // ---- cocos-service:(onBeforeBuild) ----
3-8-2022 16:46-debug: Process: heapTotal 196.16MB heapUsed 176.98MB rss 200.48MB
3-8-2022 16:46-debug: =================================== Build Task (R&B-2) Start ================================
3-8-2022 16:46-debug: Start build task, options:{"name":"RedandBlue_1","platform":"web-mobile","buildPath":"project://build","debug":false,"md5Cache":false,"sourceMaps":false,"replaceSplashScreen":false,"mainBundleCompressionType":"merge_dep","mainBundleIsRemote":false,"mergeStartScene":false,"experimentalEraseModules":false,"compressTexture":true,"packAutoAtlas":true,"startScene":"ff4226fe-0acf-401b-bca2-29453348327c","scenes":[{"url":"db://assets/Scene/scene.scene","uuid":"ff4226fe-0acf-401b-bca2-29453348327c","inBundle":false}],"outputName":"R&B-2","packages":{"web-mobile":{"orientation":"auto","polyfills":{"asyncFunctions":true}},"cocos-service":{"configID":"7ef3a2","services":[{"service_id":"235","service_component_name":"service-analytics","builder":"/Users/lamngo/.CocosCreator/.service/analytics/builder/builder.js","enable":false,"params":{}}]}}}
3-8-2022 16:46-debug: Build with Cocos Creator 3.4.1
3-8-2022 16:46-debug: // ---- cocos-service:(onBeforeBuild) success ----
3-8-2022 16:46-debug: cocos-service:(onBeforeBuild)3%
3-8-2022 16:46-debug: Query all assets info in project
3-8-2022 16:46-debug: init custom config: keepNodeUuid: false, useCache: true
3-8-2022 16:46-debug: BuildAssetLibrary query-assets with assets 216
3-8-2022 16:46-debug:   Number of other assets: 293
3-8-2022 16:46-debug: web-mobile:(onAfterInit) start...3%
3-8-2022 16:46-debug: // ---- web-mobile:(onAfterInit) ----
3-8-2022 16:46-debug: Process: heapTotal 196.55MB heapUsed 170.40MB rss 202.17MB
3-8-2022 16:46-debug: // ---- web-mobile:(onAfterInit) success ----
3-8-2022 16:46-debug: web-mobile:(onAfterInit)5%
3-8-2022 16:46-debug: Reload project scripts start5%
3-8-2022 16:46-log: // ---- Reload project scripts ----
3-8-2022 16:46-debug: Process: heapTotal 196.55MB heapUsed 170.43MB rss 202.19MB
3-8-2022 16:46-debug: reload all scripts.
3-8-2022 16:46-debug:   Number of all scenes: 1
3-8-2022 16:46-debug:   Number of all scripts: 6
3-8-2022 16:46-debug: BuildAssetLibrary initialized with asset 288!
3-8-2022 16:46-debug: Incremental keys: 
3-8-2022 16:46-debug: [[Executor]] Module "cce:/internal/x/cc-fu/base" loaded.
3-8-2022 16:46-debug: [[Executor]] Module "cce:/internal/x/cc-fu/gfx-webgl" loaded.
3-8-2022 16:46-debug: [[Executor]] Module "cce:/internal/x/cc-fu/gfx-webgl2" loaded.
3-8-2022 16:46-debug: [[Executor]] Module "cce:/internal/x/cc-fu/3d" loaded.
3-8-2022 16:46-debug: [[Executor]] Module "cce:/internal/x/cc-fu/2d" loaded.
3-8-2022 16:46-debug: [[Executor]] Module "cce:/internal/x/cc-fu/ui" loaded.
3-8-2022 16:46-debug: [[Executor]] Module "cce:/internal/x/cc-fu/particle" loaded.
3-8-2022 16:46-debug: [[Executor]] Module "cce:/internal/x/cc-fu/physics-framework" loaded.
3-8-2022 16:46-debug: [[Executor]] Module "cce:/internal/x/cc-fu/particle-2d" loaded.
3-8-2022 16:46-debug: [[Executor]] Module "cce:/internal/x/cc-fu/physics-2d-framework" loaded.
3-8-2022 16:46-debug: [[Executor]] Module "cce:/internal/x/cc-fu/intersection-2d" loaded.
3-8-2022 16:46-debug: [[Executor]] Module "cce:/internal/x/cc-fu/primitive" loaded.
3-8-2022 16:46-debug: [[Executor]] Module "cce:/internal/x/cc-fu/profiler" loaded.
3-8-2022 16:46-debug: [[Executor]] Module "cce:/internal/x/cc-fu/audio" loaded.
3-8-2022 16:46-debug: [[Executor]] Module "cce:/internal/x/cc-fu/video" loaded.
3-8-2022 16:46-debug: [[Executor]] Module "cce:/internal/x/cc-fu/terrain" loaded.
3-8-2022 16:46-debug: [[Executor]] Module "cce:/internal/x/cc-fu/webview" loaded.
3-8-2022 16:46-debug: [[Executor]] Module "cce:/internal/x/cc-fu/tween" loaded.
3-8-2022 16:46-debug: [[Executor]] Module "cce:/internal/x/cc-fu/tiled-map" loaded.
3-8-2022 16:46-debug: [[Executor]] Module "pack:///mods/cce/internal/x/cc.js" loaded.
3-8-2022 16:46-debug: [[Executor]] Module "cce:/internal/x/cc-fu/dragon-bones" loaded.
3-8-2022 16:46-debug: [[Executor]] Module "cce:/internal/x/cc-fu/spine" loaded.
3-8-2022 16:46-debug: Invalidating 'pack:///mods/cce/internal/x/cc.js'
3-8-2022 16:46-debug: [[Executor]] Module "pack:///mods/cce/internal/x/cc.js" loaded.
3-8-2022 16:46-debug: [[Executor]] Module "pack:///mods/cce/internal/x/prerequisite-imports.js" loaded.
3-8-2022 16:46-debug: [[Executor]] Register Enemy
3-8-2022 16:46-debug: [[Executor]] Module "pack:///mods/fs/0/assets/Script/Enemy.js" loaded.
3-8-2022 16:46-debug: [[Executor]] Register GameManager
3-8-2022 16:46-debug: [[Executor]] Module "pack:///mods/fs/0/assets/Script/GameManager.js" loaded.
3-8-2022 16:46-debug: [[Executor]] Register Player
3-8-2022 16:46-debug: [[Executor]] Module "pack:///mods/fs/0/assets/Script/Player.js" loaded.
3-8-2022 16:46-debug: [[Executor]] Module "pack:///mods/cce/internal/code-quality/cr.js" loaded.
3-8-2022 16:46-debug: [[Executor]] Register PoolManager
3-8-2022 16:46-debug: [[Executor]] Module "pack:///mods/fs/0/assets/Script/PoolManager.js" loaded.
3-8-2022 16:46-debug: [[Executor]] Register Spawner
3-8-2022 16:46-debug: [[Executor]] Module "pack:///mods/fs/0/assets/Script/Spawner.js" loaded.
3-8-2022 16:46-debug: [[Executor]] Register TouchManager
3-8-2022 16:46-debug: [[Executor]] Module "pack:///mods/fs/0/assets/Script/TouchManager.js" loaded.
3-8-2022 16:46-debug: [[Executor]] Module "pack:///mods/cce/internal/x/prerequisite-imports.js" loaded.
3-8-2022 16:46-debug: Reload project scripts √6%
3-8-2022 16:46-debug: Query asset bundle start6%
3-8-2022 16:46-log: // ---- Query asset bundle ----
3-8-2022 16:46-debug: Process: heapTotal 196.55MB heapUsed 172.17MB rss 202.83MB
3-8-2022 16:46-debug: Query asset bundle √8%
3-8-2022 16:46-debug: Query and organize assets start8%
3-8-2022 16:46-debug: Number of scenes: 1
3-8-2022 16:46-debug: Process: heapTotal 196.55MB heapUsed 172.25MB rss 202.84MB
3-8-2022 16:46-log: // ---- Query and organize assets ----
3-8-2022 16:46-debug: Number of assets: 12
3-8-2022 16:46-debug: Number of asset bundle: 1
3-8-2022 16:46-debug: Process: heapTotal 196.89MB heapUsed 174.58MB rss 203.27MB
3-8-2022 16:46-debug: sort script group...
3-8-2022 16:46-debug: Organize scripts √10%
3-8-2022 16:46-debug: Query and organize assets √9%
3-8-2022 16:46-log: // ---- Organize texture compression tasks ----
3-8-2022 16:46-debug: Process: heapTotal 196.89MB heapUsed 174.60MB rss 203.27MB
3-8-2022 16:46-debug: Organize texture compression tasks start10%
3-8-2022 16:46-debug: Organize scripts start9%
3-8-2022 16:46-log: // ---- Organize scripts ----
3-8-2022 16:46-debug: Number of image-compress task: 0
3-8-2022 16:46-debug: Group json start11%
3-8-2022 16:46-log: // ---- Group json ----
3-8-2022 16:46-debug: Organize texture compression tasks √11%
3-8-2022 16:46-debug: Process: heapTotal 196.89MB heapUsed 174.71MB rss 203.67MB
3-8-2022 16:46-debug: Number of json group: 1
3-8-2022 16:46-debug: Group json √12%
3-8-2022 16:46-debug: Merging Texture2D json start12%
3-8-2022 16:46-log: // ---- Merging Texture2D json ----
3-8-2022 16:46-debug: Process: heapTotal 196.89MB heapUsed 174.73MB rss 203.67MB
3-8-2022 16:46-debug: Merging Texture2D json √14%
3-8-2022 16:46-debug:  start14%
3-8-2022 16:46-log: // ----  ----
3-8-2022 16:46-debug: Process: heapTotal 196.89MB heapUsed 174.74MB rss 203.67MB
3-8-2022 16:46-debug:  √15%
3-8-2022 16:46-debug: web-mobile:(onBeforeBuildAssets) start...15%
3-8-2022 16:46-debug: // ---- web-mobile:(onBeforeBuildAssets) ----
3-8-2022 16:46-debug: // ---- web-mobile:(onBeforeBuildAssets) success ----
3-8-2022 16:46-debug: Process: heapTotal 196.89MB heapUsed 174.76MB rss 203.67MB
3-8-2022 16:46-debug: web-mobile:(onBeforeBuildAssets)18%
3-8-2022 16:46-debug:  start18%
3-8-2022 16:46-log: // ----  ----
3-8-2022 16:46-debug: Process: heapTotal 196.89MB heapUsed 174.78MB rss 203.67MB
3-8-2022 16:46-debug: Build script18%
3-8-2022 16:46-debug: Process: heapTotal 216.04MB heapUsed 199.54MB rss 233.32MB
3-8-2022 16:46-debug: Copy externalScripts success!
3-8-2022 16:46-debug: Build script√18%
3-8-2022 16:46-debug: Build engine18%
3-8-2022 16:46-debug: Process: heapTotal 231.29MB heapUsed 212.68MB rss 249.13MB
3-8-2022 16:46-debug: Use cache engine: {link(/var/folders/ww/l9gf6zqj2gv298pfxmwysbcm0000gn/T/CocosCreator/3.4.1/builder/engine/b92c1fbd15020854c3d5b7692f8a942b)}
3-8-2022 16:46-debug: {"debug":false,"sourceMaps":false,"includeModules":["base","gfx-webgl","gfx-webgl2","2d","ui","physics-2d-box2d","intersection-2d","profiler","particle-2d","audio","video","webview","tween","tiled-map","spine","dragon-bones","marionette"],"engineVersion":"3.4.1","platform":"HTML5","md5Map":[],"engineName":"cocos-js","useCache":true,"split":false,"ammoJsWasm":"fallback","assetURLFormat":"runtime-resolved","entry":"/Applications/CocosCreator/Creator/3.4.1/CocosCreator.app/Contents/Resources/resources/3d/engine"}
3-8-2022 16:46-debug: Build engine√18%
3-8-2022 16:46-debug: Process: heapTotal 231.29MB heapUsed 214.36MB rss 249.27MB
3-8-2022 16:46-debug: Build auto-atlas √31%
3-8-2022 16:46-debug: Compress Image start31%
3-8-2022 16:46-log: // ---- Compress Image ----
3-8-2022 16:46-debug: Process: heapTotal 231.29MB heapUsed 214.38MB rss 249.27MB
3-8-2022 16:46-debug: Compress Image √37%
3-8-2022 16:46-debug: Copy the resource start37%
3-8-2022 16:46-log: // ---- Copy the resource ----
3-8-2022 16:46-debug: Process: heapTotal 231.29MB heapUsed 214.39MB rss 249.28MB
3-8-2022 16:46-debug:  √24%
3-8-2022 16:46-debug: Build auto-atlas start24%
3-8-2022 16:46-log: // ---- Build auto-atlas ----
3-8-2022 16:46-debug: Asset Bundle(main) handle assets: 12
3-8-2022 16:46-debug: Process: heapTotal 231.29MB heapUsed 214.49MB rss 249.31MB
3-8-2022 16:46-debug: Copy the resource √44%
3-8-2022 16:46-debug: Build the grouped json and scatter files to the specified location start44%
3-8-2022 16:46-log: // ---- Build the grouped json and scatter files to the specified location ----
3-8-2022 16:46-debug: Json group(build-task/json) compile success，json number: 6
3-8-2022 16:46-debug: Build the grouped json and scatter files to the specified location √51%
3-8-2022 16:46-debug: Compress zip bundle √57%
3-8-2022 16:46-debug: Add md5 suffix to assets start57%
3-8-2022 16:46-debug: Process: heapTotal 234.61MB heapUsed 214.36MB rss 253.88MB
3-8-2022 16:46-debug: Process: heapTotal 234.61MB heapUsed 214.38MB rss 253.89MB
3-8-2022 16:46-log: // ---- Compress zip bundle ----
3-8-2022 16:46-debug: Add md5 suffix to assets √68%
3-8-2022 16:46-debug: Init settings and config start68%
3-8-2022 16:46-log: // ---- Init settings and config ----
3-8-2022 16:46-debug: Process: heapTotal 234.61MB heapUsed 214.39MB rss 253.90MB
3-8-2022 16:46-debug: Init settings and config √68%
3-8-2022 16:46-debug: tasks.settings.macro does not defined in i18n
3-8-2022 16:46-log: // ---- tasks.settings.macro ----
3-8-2022 16:46-debug: Process: heapTotal 234.61MB heapUsed 214.41MB rss 253.91MB
3-8-2022 16:46-log: // ---- Add md5 suffix to assets ----
3-8-2022 16:46-debug: tasks.settings.macro start68%
3-8-2022 16:46-debug: Compress zip bundle start51%
3-8-2022 16:46-debug: Use cached settings start69%
3-8-2022 16:46-debug: tasks.settings.macro √69%
3-8-2022 16:46-debug: Process: heapTotal 234.61MB heapUsed 214.58MB rss 254.14MB
3-8-2022 16:46-log: // ---- Use cached settings ----
3-8-2022 16:46-debug: Use cached settings √69%
3-8-2022 16:46-debug: custom joint texture layouts start69%
3-8-2022 16:46-log: // ---- custom joint texture layouts ----
3-8-2022 16:46-debug: Process: heapTotal 234.61MB heapUsed 214.71MB rss 254.20MB
3-8-2022 16:46-debug: custom joint texture layouts √70%
3-8-2022 16:46-debug: custom joint physics √70%
3-8-2022 16:46-debug: Fill script data to settings start70%
3-8-2022 16:46-log: // ---- Fill script data to settings ----
3-8-2022 16:46-debug: Process: heapTotal 234.61MB heapUsed 214.77MB rss 254.20MB
3-8-2022 16:46-debug: Fill script data to settings √71%
3-8-2022 16:46-debug: Fill scene data to settings start71%
3-8-2022 16:46-log: // ---- Fill scene data to settings ----
3-8-2022 16:46-debug: Process: heapTotal 234.61MB heapUsed 214.78MB rss 254.21MB
3-8-2022 16:46-debug: Fill scene data to settings √71%
3-8-2022 16:46-debug: Organize assets groups，generate packedAssets and rawAssets data start71%
3-8-2022 16:46-log: // ---- Organize assets groups，generate packedAssets and rawAssets data ----
3-8-2022 16:46-debug: Process: heapTotal 234.61MB heapUsed 214.79MB rss 254.22MB
3-8-2022 16:46-debug: Organize assets groups，generate packedAssets and rawAssets data √72%
3-8-2022 16:46-debug: Generate md5AssetsMap from suffixMap to settings start72%
3-8-2022 16:46-log: // ---- Generate md5AssetsMap from suffixMap to settings ----
3-8-2022 16:46-debug: Process: heapTotal 234.61MB heapUsed 214.80MB rss 254.22MB
3-8-2022 16:46-debug: options.md5Cache is false.
3-8-2022 16:46-debug: Generate md5AssetsMap from suffixMap to settings √72%
3-8-2022 16:46-debug: web-mobile:(onBeforeCompressSettings) start...72%
3-8-2022 16:46-debug: // ---- web-mobile:(onBeforeCompressSettings) ----
3-8-2022 16:46-debug: Process: heapTotal 234.61MB heapUsed 214.82MB rss 254.23MB
3-8-2022 16:46-debug: // ---- web-mobile:(onBeforeCompressSettings) success ----
3-8-2022 16:46-debug: web-mobile:(onBeforeCompressSettings)75%
3-8-2022 16:46-debug: cocos-service:(onBeforeCompressSettings) start...75%
3-8-2022 16:46-debug: // ---- cocos-service:(onBeforeCompressSettings) ----
3-8-2022 16:46-debug: Process: heapTotal 234.61MB heapUsed 214.84MB rss 254.23MB
3-8-2022 16:46-log: // ---- custom joint physics ----
3-8-2022 16:46-debug: Process: heapTotal 234.61MB heapUsed 214.76MB rss 254.20MB
3-8-2022 16:46-debug: custom joint physics start70%
3-8-2022 16:46-debug: // ---- cocos-service:(onBeforeCompressSettings) success ----
3-8-2022 16:46-debug: Process: heapTotal 234.61MB heapUsed 215.25MB rss 254.23MB
3-8-2022 16:46-debug:  start77%
3-8-2022 16:46-log: // ----  ----
3-8-2022 16:46-debug: cocos-service:(onBeforeCompressSettings)77%
3-8-2022 16:46-debug:  √78%
3-8-2022 16:46-debug: Compress settings.json and config.json √79%
3-8-2022 16:46-debug: Save config.json start79%
3-8-2022 16:46-log: // ---- Save config.json ----
3-8-2022 16:46-debug: Process: heapTotal 234.61MB heapUsed 215.33MB rss 254.25MB
3-8-2022 16:46-debug: Save config.json √80%
3-8-2022 16:46-log: // ---- Save Settings.json ----
3-8-2022 16:46-debug: Save Settings.json start80%
3-8-2022 16:46-debug: Process: heapTotal 234.61MB heapUsed 215.35MB rss 254.25MB
3-8-2022 16:46-debug: Sort build template start81%
3-8-2022 16:46-debug: Save Settings.json √81%
3-8-2022 16:46-log: // ---- Sort build template ----
3-8-2022 16:46-debug: Process: heapTotal 234.61MB heapUsed 215.51MB rss 254.25MB
3-8-2022 16:46-debug: Sort build template √82%
3-8-2022 16:46-debug: cocos-service:(onAfterCompressSettings) start...82%
3-8-2022 16:46-debug: // ---- cocos-service:(onAfterCompressSettings) ----
3-8-2022 16:46-debug: Process: heapTotal 235.79MB heapUsed 213.08MB rss 255.45MB
3-8-2022 16:46-log: // ---- Compress settings.json and config.json ----
3-8-2022 16:46-debug: Process: heapTotal 234.61MB heapUsed 215.31MB rss 254.23MB
3-8-2022 16:46-debug: Compress settings.json and config.json start78%
3-8-2022 16:46-debug: // ---- cocos-service:(onAfterCompressSettings) success ----
3-8-2022 16:46-debug: // ---- web-mobile:(onAfterBuild) ----
3-8-2022 16:46-debug: Process: heapTotal 235.79MB heapUsed 213.47MB rss 255.46MB
3-8-2022 16:46-debug: // ---- web-mobile:(onAfterBuild) success ----
3-8-2022 16:46-debug: web-mobile:(onAfterBuild)87%
3-8-2022 16:46-debug: cocos-service:(onAfterBuild) start...87%
3-8-2022 16:46-debug: // ---- cocos-service:(onAfterBuild) ----
3-8-2022 16:46-debug: cocos-service:(onAfterCompressSettings)85%
3-8-2022 16:46-debug: web-mobile:(onAfterBuild) start...85%
3-8-2022 16:46-debug: Process: heapTotal 236.04MB heapUsed 215.72MB rss 255.59MB
3-8-2022 16:46-debug: // ---- cocos-service:(onAfterBuild) success ----
3-8-2022 16:46-debug: cocos-service:(onAfterBuild)90%
3-8-2022 16:46-debug: build success in 15768 ms!
3-8-2022 16:46-debug: Stop record console. {file(/Users/lamngo/Desktop/Cocos/RedandBlue_1/temp/builder/log/web-mobile3-8-2022 16-46.log)}
