debug: Fri, 27 May 2022 09:29:09 GMT
debug: Project: /Users/lamngo/Desktop/Git/cocos2D-redblue
debug: Targets: editor,preview
debug: Incremental file seems great.
debug: Engine path: /Applications/CocosCreator/Creator/3.4.1/CocosCreator.app/Contents/Resources/resources/3d/engine
debug: Initializing target [Editor]
debug: Loading cache
debug: Loading cache costs 3.501330018043518ms.
debug: Engine features shipped in editor: base,gfx-webgl,gfx-webgl2,3d,2d,ui,particle,particle-2d,physics-framework,physics-2d-framework,intersection-2d,primitive,profiler,audio,video,terrain,webview,tween,tiled-map,spine,dragon-bones,marionette
debug: Initializing target [Preview]
debug: Loading cache
debug: Loading cache costs 3.1732449531555176ms.
debug: Sync engine features: base,gfx-webgl,gfx-webgl2,2d,ui,physics-2d-box2d,intersection-2d,profiler,particle-2d,audio,video,webview,tween,tiled-map,spine,dragon-bones,marionette
debug: Pulling asset-db.
debug: Fetch asset-db cost: 44.615544974803925ms.
debug: Build iteration starts.
Number of accumulated asset changes: 17
Feature changed: false
debug: Target(editor) build started.
debug: Detected change: cce:/internal/x/cc. Last mtime: Thu Jan 01 1970 08:00:09 GMT+0800 (Indochina Time), Current mtime: Thu Jan 01 1970 08:00:21 GMT+0800 (Indochina Time)
debug: Inspect cce:/internal/x/cc
debug: Resolve cce:/internal/x/cc-fu/base from cce:/internal/x/cc as external dependency cce:/internal/x/cc-fu/base.
debug: Resolve cce:/internal/x/cc-fu/gfx-webgl from cce:/internal/x/cc as external dependency cce:/internal/x/cc-fu/gfx-webgl.
debug: Resolve cce:/internal/x/cc-fu/gfx-webgl2 from cce:/internal/x/cc as external dependency cce:/internal/x/cc-fu/gfx-webgl2.
debug: Resolve cce:/internal/x/cc-fu/3d from cce:/internal/x/cc as external dependency cce:/internal/x/cc-fu/3d.
debug: Resolve cce:/internal/x/cc-fu/2d from cce:/internal/x/cc as external dependency cce:/internal/x/cc-fu/2d.
debug: Resolve cce:/internal/x/cc-fu/ui from cce:/internal/x/cc as external dependency cce:/internal/x/cc-fu/ui.
debug: Resolve cce:/internal/x/cc-fu/particle from cce:/internal/x/cc as external dependency cce:/internal/x/cc-fu/particle.
debug: Resolve cce:/internal/x/cc-fu/particle-2d from cce:/internal/x/cc as external dependency cce:/internal/x/cc-fu/particle-2d.
debug: Resolve cce:/internal/x/cc-fu/physics-framework from cce:/internal/x/cc as external dependency cce:/internal/x/cc-fu/physics-framework.
debug: Resolve cce:/internal/x/cc-fu/physics-2d-framework from cce:/internal/x/cc as external dependency cce:/internal/x/cc-fu/physics-2d-framework.
debug: Resolve cce:/internal/x/cc-fu/intersection-2d from cce:/internal/x/cc as external dependency cce:/internal/x/cc-fu/intersection-2d.
debug: Resolve cce:/internal/x/cc-fu/primitive from cce:/internal/x/cc as external dependency cce:/internal/x/cc-fu/primitive.
debug: Resolve cce:/internal/x/cc-fu/profiler from cce:/internal/x/cc as external dependency cce:/internal/x/cc-fu/profiler.
debug: Resolve cce:/internal/x/cc-fu/audio from cce:/internal/x/cc as external dependency cce:/internal/x/cc-fu/audio.
debug: Resolve cce:/internal/x/cc-fu/video from cce:/internal/x/cc as external dependency cce:/internal/x/cc-fu/video.
debug: Resolve cce:/internal/x/cc-fu/terrain from cce:/internal/x/cc as external dependency cce:/internal/x/cc-fu/terrain.
debug: Resolve cce:/internal/x/cc-fu/webview from cce:/internal/x/cc as external dependency cce:/internal/x/cc-fu/webview.
debug: Resolve cce:/internal/x/cc-fu/tween from cce:/internal/x/cc as external dependency cce:/internal/x/cc-fu/tween.
debug: Resolve cce:/internal/x/cc-fu/tiled-map from cce:/internal/x/cc as external dependency cce:/internal/x/cc-fu/tiled-map.
debug: Resolve cce:/internal/x/cc-fu/spine from cce:/internal/x/cc as external dependency cce:/internal/x/cc-fu/spine.
debug: Resolve cce:/internal/x/cc-fu/dragon-bones from cce:/internal/x/cc as external dependency cce:/internal/x/cc-fu/dragon-bones.
debug: Detected change: cce:/internal/x/prerequisite-imports. Last mtime: Thu Jan 01 1970 08:00:17 GMT+0800 (Indochina Time), Current mtime: Thu Jan 01 1970 08:00:27 GMT+0800 (Indochina Time)
debug: Inspect cce:/internal/x/prerequisite-imports
debug: Resolve file:///Users/lamngo/Desktop/Git/cocos2D-redblue/assets/Script/Bomb.ts from cce:/internal/x/prerequisite-imports as file:///Users/lamngo/Desktop/Git/cocos2D-redblue/assets/Script/Bomb.ts.
debug: Resolve file:///Users/lamngo/Desktop/Git/cocos2D-redblue/assets/Script/BombIcon.ts from cce:/internal/x/prerequisite-imports as file:///Users/lamngo/Desktop/Git/cocos2D-redblue/assets/Script/BombIcon.ts.
debug: Resolve file:///Users/lamngo/Desktop/Git/cocos2D-redblue/assets/Script/Boss.ts from cce:/internal/x/prerequisite-imports as file:///Users/lamngo/Desktop/Git/cocos2D-redblue/assets/Script/Boss.ts.
debug: Resolve file:///Users/lamngo/Desktop/Git/cocos2D-redblue/assets/Script/BossBullet.ts from cce:/internal/x/prerequisite-imports as file:///Users/lamngo/Desktop/Git/cocos2D-redblue/assets/Script/BossBullet.ts.
debug: Resolve file:///Users/lamngo/Desktop/Git/cocos2D-redblue/assets/Script/Bullet.ts from cce:/internal/x/prerequisite-imports as file:///Users/lamngo/Desktop/Git/cocos2D-redblue/assets/Script/Bullet.ts.
debug: Resolve file:///Users/lamngo/Desktop/Git/cocos2D-redblue/assets/Script/ColorChange.ts from cce:/internal/x/prerequisite-imports as file:///Users/lamngo/Desktop/Git/cocos2D-redblue/assets/Script/ColorChange.ts.
debug: Resolve file:///Users/lamngo/Desktop/Git/cocos2D-redblue/assets/Script/Enemy.ts from cce:/internal/x/prerequisite-imports as file:///Users/lamngo/Desktop/Git/cocos2D-redblue/assets/Script/Enemy.ts.
debug: Resolve file:///Users/lamngo/Desktop/Git/cocos2D-redblue/assets/Script/Explosion.ts from cce:/internal/x/prerequisite-imports as file:///Users/lamngo/Desktop/Git/cocos2D-redblue/assets/Script/Explosion.ts.
debug: Resolve file:///Users/lamngo/Desktop/Git/cocos2D-redblue/assets/Script/GameManager.ts from cce:/internal/x/prerequisite-imports as file:///Users/lamngo/Desktop/Git/cocos2D-redblue/assets/Script/GameManager.ts.
debug: Resolve file:///Users/lamngo/Desktop/Git/cocos2D-redblue/assets/Script/Icons.ts from cce:/internal/x/prerequisite-imports as file:///Users/lamngo/Desktop/Git/cocos2D-redblue/assets/Script/Icons.ts.
debug: Resolve file:///Users/lamngo/Desktop/Git/cocos2D-redblue/assets/Script/Gun.ts from cce:/internal/x/prerequisite-imports as file:///Users/lamngo/Desktop/Git/cocos2D-redblue/assets/Script/Gun.ts.
debug: Resolve file:///Users/lamngo/Desktop/Git/cocos2D-redblue/assets/Script/InputController.ts from cce:/internal/x/prerequisite-imports as file:///Users/lamngo/Desktop/Git/cocos2D-redblue/assets/Script/InputController.ts.
debug: Resolve file:///Users/lamngo/Desktop/Git/cocos2D-redblue/assets/Script/InteractableObject.ts from cce:/internal/x/prerequisite-imports as file:///Users/lamngo/Desktop/Git/cocos2D-redblue/assets/Script/InteractableObject.ts.
debug: Resolve file:///Users/lamngo/Desktop/Git/cocos2D-redblue/assets/Script/PlayerController.ts from cce:/internal/x/prerequisite-imports as file:///Users/lamngo/Desktop/Git/cocos2D-redblue/assets/Script/PlayerController.ts.
debug: Resolve file:///Users/lamngo/Desktop/Git/cocos2D-redblue/assets/Script/PoolManager.ts from cce:/internal/x/prerequisite-imports as file:///Users/lamngo/Desktop/Git/cocos2D-redblue/assets/Script/PoolManager.ts.
debug: Resolve file:///Users/lamngo/Desktop/Git/cocos2D-redblue/assets/Script/PoolObjects.ts from cce:/internal/x/prerequisite-imports as file:///Users/lamngo/Desktop/Git/cocos2D-redblue/assets/Script/PoolObjects.ts.
debug: Resolve file:///Users/lamngo/Desktop/Git/cocos2D-redblue/assets/Script/Spawner.ts from cce:/internal/x/prerequisite-imports as file:///Users/lamngo/Desktop/Git/cocos2D-redblue/assets/Script/Spawner.ts.
debug: Detected change: cce:/internal/code-quality/cr.mjs. Last mtime: Fri May 27 2022 16:24:33 GMT+0700 (Indochina Time), Current mtime: Fri May 27 2022 16:28:47 GMT+0700 (Indochina Time)
debug: Inspect cce:/internal/code-quality/cr.mjs
debug: Target(editor) ends with cost 193.019837975502ms.
debug: Target(preview) build started.
debug: Detected change: cce:/internal/x/cc. Last mtime: Thu Jan 01 1970 08:00:09 GMT+0800 (Indochina Time), Current mtime: Thu Jan 01 1970 08:00:21 GMT+0800 (Indochina Time)
debug: Inspect cce:/internal/x/cc
debug: Resolve cce:/internal/x/cc-fu/base from cce:/internal/x/cc as external dependency cce:/internal/x/cc-fu/base.
debug: Resolve cce:/internal/x/cc-fu/gfx-webgl from cce:/internal/x/cc as external dependency cce:/internal/x/cc-fu/gfx-webgl.
debug: Resolve cce:/internal/x/cc-fu/gfx-webgl2 from cce:/internal/x/cc as external dependency cce:/internal/x/cc-fu/gfx-webgl2.
debug: Resolve cce:/internal/x/cc-fu/2d from cce:/internal/x/cc as external dependency cce:/internal/x/cc-fu/2d.
debug: Resolve cce:/internal/x/cc-fu/ui from cce:/internal/x/cc as external dependency cce:/internal/x/cc-fu/ui.
debug: Resolve cce:/internal/x/cc-fu/physics-2d-box2d from cce:/internal/x/cc as external dependency cce:/internal/x/cc-fu/physics-2d-box2d.
debug: Resolve cce:/internal/x/cc-fu/physics-2d-framework from cce:/internal/x/cc as external dependency cce:/internal/x/cc-fu/physics-2d-framework.
debug: Resolve cce:/internal/x/cc-fu/intersection-2d from cce:/internal/x/cc as external dependency cce:/internal/x/cc-fu/intersection-2d.
debug: Resolve cce:/internal/x/cc-fu/profiler from cce:/internal/x/cc as external dependency cce:/internal/x/cc-fu/profiler.
debug: Resolve cce:/internal/x/cc-fu/particle-2d from cce:/internal/x/cc as external dependency cce:/internal/x/cc-fu/particle-2d.
debug: Resolve cce:/internal/x/cc-fu/audio from cce:/internal/x/cc as external dependency cce:/internal/x/cc-fu/audio.
debug: Resolve cce:/internal/x/cc-fu/video from cce:/internal/x/cc as external dependency cce:/internal/x/cc-fu/video.
debug: Resolve cce:/internal/x/cc-fu/webview from cce:/internal/x/cc as external dependency cce:/internal/x/cc-fu/webview.
debug: Resolve cce:/internal/x/cc-fu/tween from cce:/internal/x/cc as external dependency cce:/internal/x/cc-fu/tween.
debug: Resolve cce:/internal/x/cc-fu/tiled-map from cce:/internal/x/cc as external dependency cce:/internal/x/cc-fu/tiled-map.
debug: Resolve cce:/internal/x/cc-fu/spine from cce:/internal/x/cc as external dependency cce:/internal/x/cc-fu/spine.
debug: Resolve cce:/internal/x/cc-fu/dragon-bones from cce:/internal/x/cc as external dependency cce:/internal/x/cc-fu/dragon-bones.
debug: Detected change: cce:/internal/x/prerequisite-imports. Last mtime: Thu Jan 01 1970 08:00:19 GMT+0800 (Indochina Time), Current mtime: Thu Jan 01 1970 08:00:27 GMT+0800 (Indochina Time)
debug: Inspect cce:/internal/x/prerequisite-imports
debug: Resolve file:///Users/lamngo/Desktop/Git/cocos2D-redblue/assets/Script/BombIcon.ts from cce:/internal/x/prerequisite-imports as file:///Users/lamngo/Desktop/Git/cocos2D-redblue/assets/Script/BombIcon.ts.
debug: Resolve file:///Users/lamngo/Desktop/Git/cocos2D-redblue/assets/Script/Boss.ts from cce:/internal/x/prerequisite-imports as file:///Users/lamngo/Desktop/Git/cocos2D-redblue/assets/Script/Boss.ts.
debug: Resolve file:///Users/lamngo/Desktop/Git/cocos2D-redblue/assets/Script/Bomb.ts from cce:/internal/x/prerequisite-imports as file:///Users/lamngo/Desktop/Git/cocos2D-redblue/assets/Script/Bomb.ts.
debug: Resolve file:///Users/lamngo/Desktop/Git/cocos2D-redblue/assets/Script/BossBullet.ts from cce:/internal/x/prerequisite-imports as file:///Users/lamngo/Desktop/Git/cocos2D-redblue/assets/Script/BossBullet.ts.
debug: Resolve file:///Users/lamngo/Desktop/Git/cocos2D-redblue/assets/Script/Bullet.ts from cce:/internal/x/prerequisite-imports as file:///Users/lamngo/Desktop/Git/cocos2D-redblue/assets/Script/Bullet.ts.
debug: Resolve file:///Users/lamngo/Desktop/Git/cocos2D-redblue/assets/Script/ColorChange.ts from cce:/internal/x/prerequisite-imports as file:///Users/lamngo/Desktop/Git/cocos2D-redblue/assets/Script/ColorChange.ts.
debug: Resolve file:///Users/lamngo/Desktop/Git/cocos2D-redblue/assets/Script/Enemy.ts from cce:/internal/x/prerequisite-imports as file:///Users/lamngo/Desktop/Git/cocos2D-redblue/assets/Script/Enemy.ts.
debug: Resolve file:///Users/lamngo/Desktop/Git/cocos2D-redblue/assets/Script/Explosion.ts from cce:/internal/x/prerequisite-imports as file:///Users/lamngo/Desktop/Git/cocos2D-redblue/assets/Script/Explosion.ts.
debug: Resolve file:///Users/lamngo/Desktop/Git/cocos2D-redblue/assets/Script/GameManager.ts from cce:/internal/x/prerequisite-imports as file:///Users/lamngo/Desktop/Git/cocos2D-redblue/assets/Script/GameManager.ts.
debug: Resolve file:///Users/lamngo/Desktop/Git/cocos2D-redblue/assets/Script/Gun.ts from cce:/internal/x/prerequisite-imports as file:///Users/lamngo/Desktop/Git/cocos2D-redblue/assets/Script/Gun.ts.
debug: Resolve file:///Users/lamngo/Desktop/Git/cocos2D-redblue/assets/Script/Icons.ts from cce:/internal/x/prerequisite-imports as file:///Users/lamngo/Desktop/Git/cocos2D-redblue/assets/Script/Icons.ts.
debug: Resolve file:///Users/lamngo/Desktop/Git/cocos2D-redblue/assets/Script/InputController.ts from cce:/internal/x/prerequisite-imports as file:///Users/lamngo/Desktop/Git/cocos2D-redblue/assets/Script/InputController.ts.
debug: Resolve file:///Users/lamngo/Desktop/Git/cocos2D-redblue/assets/Script/InteractableObject.ts from cce:/internal/x/prerequisite-imports as file:///Users/lamngo/Desktop/Git/cocos2D-redblue/assets/Script/InteractableObject.ts.
debug: Resolve file:///Users/lamngo/Desktop/Git/cocos2D-redblue/assets/Script/PlayerController.ts from cce:/internal/x/prerequisite-imports as file:///Users/lamngo/Desktop/Git/cocos2D-redblue/assets/Script/PlayerController.ts.
debug: Resolve file:///Users/lamngo/Desktop/Git/cocos2D-redblue/assets/Script/PoolManager.ts from cce:/internal/x/prerequisite-imports as file:///Users/lamngo/Desktop/Git/cocos2D-redblue/assets/Script/PoolManager.ts.
debug: Resolve file:///Users/lamngo/Desktop/Git/cocos2D-redblue/assets/Script/PoolObjects.ts from cce:/internal/x/prerequisite-imports as file:///Users/lamngo/Desktop/Git/cocos2D-redblue/assets/Script/PoolObjects.ts.
debug: Resolve file:///Users/lamngo/Desktop/Git/cocos2D-redblue/assets/Script/Spawner.ts from cce:/internal/x/prerequisite-imports as file:///Users/lamngo/Desktop/Git/cocos2D-redblue/assets/Script/Spawner.ts.
debug: Detected change: cce:/internal/code-quality/cr.mjs. Last mtime: Fri May 27 2022 16:24:33 GMT+0700 (Indochina Time), Current mtime: Fri May 27 2022 16:28:47 GMT+0700 (Indochina Time)
debug: Inspect cce:/internal/code-quality/cr.mjs
debug: Target(preview) ends with cost 107.47686499357224ms.
debug: Dispatch build request for time accumulated 1 asset changes.
debug: Build iteration starts.
Number of accumulated asset changes: 1
Feature changed: false
debug: Target(editor) build started.
debug: Detected change: cce:/internal/x/prerequisite-imports. Last mtime: Thu Jan 01 1970 08:00:27 GMT+0800 (Indochina Time), Current mtime: Thu Jan 01 1970 08:01:16 GMT+0800 (Indochina Time)
debug: Inspect cce:/internal/x/prerequisite-imports
debug: Resolve file:///Users/lamngo/Desktop/Git/cocos2D-redblue/assets/Script/Bomb.ts from cce:/internal/x/prerequisite-imports as file:///Users/lamngo/Desktop/Git/cocos2D-redblue/assets/Script/Bomb.ts.
debug: Resolve file:///Users/lamngo/Desktop/Git/cocos2D-redblue/assets/Script/BombIcon.ts from cce:/internal/x/prerequisite-imports as file:///Users/lamngo/Desktop/Git/cocos2D-redblue/assets/Script/BombIcon.ts.
debug: Resolve file:///Users/lamngo/Desktop/Git/cocos2D-redblue/assets/Script/Boss.ts from cce:/internal/x/prerequisite-imports as file:///Users/lamngo/Desktop/Git/cocos2D-redblue/assets/Script/Boss.ts.
debug: Resolve file:///Users/lamngo/Desktop/Git/cocos2D-redblue/assets/Script/BossBullet.ts from cce:/internal/x/prerequisite-imports as file:///Users/lamngo/Desktop/Git/cocos2D-redblue/assets/Script/BossBullet.ts.
debug: Resolve file:///Users/lamngo/Desktop/Git/cocos2D-redblue/assets/Script/Bullet.ts from cce:/internal/x/prerequisite-imports as file:///Users/lamngo/Desktop/Git/cocos2D-redblue/assets/Script/Bullet.ts.
debug: Resolve file:///Users/lamngo/Desktop/Git/cocos2D-redblue/assets/Script/ColorChange.ts from cce:/internal/x/prerequisite-imports as file:///Users/lamngo/Desktop/Git/cocos2D-redblue/assets/Script/ColorChange.ts.
debug: Resolve file:///Users/lamngo/Desktop/Git/cocos2D-redblue/assets/Script/Enemy.ts from cce:/internal/x/prerequisite-imports as file:///Users/lamngo/Desktop/Git/cocos2D-redblue/assets/Script/Enemy.ts.
debug: Resolve file:///Users/lamngo/Desktop/Git/cocos2D-redblue/assets/Script/Explosion.ts from cce:/internal/x/prerequisite-imports as file:///Users/lamngo/Desktop/Git/cocos2D-redblue/assets/Script/Explosion.ts.
debug: Resolve file:///Users/lamngo/Desktop/Git/cocos2D-redblue/assets/Script/GameManager.ts from cce:/internal/x/prerequisite-imports as file:///Users/lamngo/Desktop/Git/cocos2D-redblue/assets/Script/GameManager.ts.
debug: Resolve file:///Users/lamngo/Desktop/Git/cocos2D-redblue/assets/Script/Gun.ts from cce:/internal/x/prerequisite-imports as file:///Users/lamngo/Desktop/Git/cocos2D-redblue/assets/Script/Gun.ts.
debug: Resolve file:///Users/lamngo/Desktop/Git/cocos2D-redblue/assets/Script/Icons.ts from cce:/internal/x/prerequisite-imports as file:///Users/lamngo/Desktop/Git/cocos2D-redblue/assets/Script/Icons.ts.
debug: Resolve file:///Users/lamngo/Desktop/Git/cocos2D-redblue/assets/Script/InputController.ts from cce:/internal/x/prerequisite-imports as file:///Users/lamngo/Desktop/Git/cocos2D-redblue/assets/Script/InputController.ts.
debug: Resolve file:///Users/lamngo/Desktop/Git/cocos2D-redblue/assets/Script/InteractableObject.ts from cce:/internal/x/prerequisite-imports as file:///Users/lamngo/Desktop/Git/cocos2D-redblue/assets/Script/InteractableObject.ts.
debug: Resolve file:///Users/lamngo/Desktop/Git/cocos2D-redblue/assets/Script/PlayerController.ts from cce:/internal/x/prerequisite-imports as file:///Users/lamngo/Desktop/Git/cocos2D-redblue/assets/Script/PlayerController.ts.
debug: Resolve file:///Users/lamngo/Desktop/Git/cocos2D-redblue/assets/Script/PoolManager.ts from cce:/internal/x/prerequisite-imports as file:///Users/lamngo/Desktop/Git/cocos2D-redblue/assets/Script/PoolManager.ts.
debug: Resolve file:///Users/lamngo/Desktop/Git/cocos2D-redblue/assets/Script/PoolObjects.ts from cce:/internal/x/prerequisite-imports as file:///Users/lamngo/Desktop/Git/cocos2D-redblue/assets/Script/PoolObjects.ts.
debug: Resolve file:///Users/lamngo/Desktop/Git/cocos2D-redblue/assets/Script/Spawner.ts from cce:/internal/x/prerequisite-imports as file:///Users/lamngo/Desktop/Git/cocos2D-redblue/assets/Script/Spawner.ts.
debug: Detected change: file:///Users/lamngo/Desktop/Git/cocos2D-redblue/assets/Script/InputController.ts. Last mtime: Thu May 12 2022 18:12:59 GMT+0700 (Indochina Time)@151853d4-73e2-482e-97ce-c06feb475d4d, Current mtime: Fri May 27 2022 16:29:57 GMT+0700 (Indochina Time)@151853d4-73e2-482e-97ce-c06feb475d4d
debug: Inspect file:///Users/lamngo/Desktop/Git/cocos2D-redblue/assets/Script/InputController.ts
debug: Resolve cce:/internal/code-quality/cr.mjs from file:///Users/lamngo/Desktop/Git/cocos2D-redblue/assets/Script/InputController.ts as cce:/internal/code-quality/cr.mjs.
debug: Resolve cc from file:///Users/lamngo/Desktop/Git/cocos2D-redblue/assets/Script/InputController.ts as cce:/internal/x/cc.
debug: Resolve cc from file:///Users/lamngo/Desktop/Git/cocos2D-redblue/assets/Script/InputController.ts as cce:/internal/x/cc.
debug: Resolve ./GameManager from file:///Users/lamngo/Desktop/Git/cocos2D-redblue/assets/Script/InputController.ts as file:///Users/lamngo/Desktop/Git/cocos2D-redblue/assets/Script/GameManager.ts.
debug: Resolve ./PlayerController from file:///Users/lamngo/Desktop/Git/cocos2D-redblue/assets/Script/InputController.ts as file:///Users/lamngo/Desktop/Git/cocos2D-redblue/assets/Script/PlayerController.ts.
debug: Target(editor) ends with cost 659.0865800380707ms.
debug: Target(preview) build started.
debug: Detected change: cce:/internal/x/prerequisite-imports. Last mtime: Thu Jan 01 1970 08:00:27 GMT+0800 (Indochina Time), Current mtime: Thu Jan 01 1970 08:01:16 GMT+0800 (Indochina Time)
debug: Inspect cce:/internal/x/prerequisite-imports
debug: Resolve file:///Users/lamngo/Desktop/Git/cocos2D-redblue/assets/Script/Bomb.ts from cce:/internal/x/prerequisite-imports as file:///Users/lamngo/Desktop/Git/cocos2D-redblue/assets/Script/Bomb.ts.
debug: Resolve file:///Users/lamngo/Desktop/Git/cocos2D-redblue/assets/Script/BombIcon.ts from cce:/internal/x/prerequisite-imports as file:///Users/lamngo/Desktop/Git/cocos2D-redblue/assets/Script/BombIcon.ts.
debug: Resolve file:///Users/lamngo/Desktop/Git/cocos2D-redblue/assets/Script/Boss.ts from cce:/internal/x/prerequisite-imports as file:///Users/lamngo/Desktop/Git/cocos2D-redblue/assets/Script/Boss.ts.
debug: Resolve file:///Users/lamngo/Desktop/Git/cocos2D-redblue/assets/Script/BossBullet.ts from cce:/internal/x/prerequisite-imports as file:///Users/lamngo/Desktop/Git/cocos2D-redblue/assets/Script/BossBullet.ts.
debug: Resolve file:///Users/lamngo/Desktop/Git/cocos2D-redblue/assets/Script/Bullet.ts from cce:/internal/x/prerequisite-imports as file:///Users/lamngo/Desktop/Git/cocos2D-redblue/assets/Script/Bullet.ts.
debug: Resolve file:///Users/lamngo/Desktop/Git/cocos2D-redblue/assets/Script/ColorChange.ts from cce:/internal/x/prerequisite-imports as file:///Users/lamngo/Desktop/Git/cocos2D-redblue/assets/Script/ColorChange.ts.
debug: Resolve file:///Users/lamngo/Desktop/Git/cocos2D-redblue/assets/Script/Enemy.ts from cce:/internal/x/prerequisite-imports as file:///Users/lamngo/Desktop/Git/cocos2D-redblue/assets/Script/Enemy.ts.
debug: Resolve file:///Users/lamngo/Desktop/Git/cocos2D-redblue/assets/Script/Explosion.ts from cce:/internal/x/prerequisite-imports as file:///Users/lamngo/Desktop/Git/cocos2D-redblue/assets/Script/Explosion.ts.
debug: Resolve file:///Users/lamngo/Desktop/Git/cocos2D-redblue/assets/Script/GameManager.ts from cce:/internal/x/prerequisite-imports as file:///Users/lamngo/Desktop/Git/cocos2D-redblue/assets/Script/GameManager.ts.
debug: Resolve file:///Users/lamngo/Desktop/Git/cocos2D-redblue/assets/Script/Gun.ts from cce:/internal/x/prerequisite-imports as file:///Users/lamngo/Desktop/Git/cocos2D-redblue/assets/Script/Gun.ts.
debug: Resolve file:///Users/lamngo/Desktop/Git/cocos2D-redblue/assets/Script/Icons.ts from cce:/internal/x/prerequisite-imports as file:///Users/lamngo/Desktop/Git/cocos2D-redblue/assets/Script/Icons.ts.
debug: Resolve file:///Users/lamngo/Desktop/Git/cocos2D-redblue/assets/Script/InputController.ts from cce:/internal/x/prerequisite-imports as file:///Users/lamngo/Desktop/Git/cocos2D-redblue/assets/Script/InputController.ts.
debug: Resolve file:///Users/lamngo/Desktop/Git/cocos2D-redblue/assets/Script/InteractableObject.ts from cce:/internal/x/prerequisite-imports as file:///Users/lamngo/Desktop/Git/cocos2D-redblue/assets/Script/InteractableObject.ts.
debug: Resolve file:///Users/lamngo/Desktop/Git/cocos2D-redblue/assets/Script/PlayerController.ts from cce:/internal/x/prerequisite-imports as file:///Users/lamngo/Desktop/Git/cocos2D-redblue/assets/Script/PlayerController.ts.
debug: Resolve file:///Users/lamngo/Desktop/Git/cocos2D-redblue/assets/Script/PoolManager.ts from cce:/internal/x/prerequisite-imports as file:///Users/lamngo/Desktop/Git/cocos2D-redblue/assets/Script/PoolManager.ts.
debug: Resolve file:///Users/lamngo/Desktop/Git/cocos2D-redblue/assets/Script/PoolObjects.ts from cce:/internal/x/prerequisite-imports as file:///Users/lamngo/Desktop/Git/cocos2D-redblue/assets/Script/PoolObjects.ts.
debug: Resolve file:///Users/lamngo/Desktop/Git/cocos2D-redblue/assets/Script/Spawner.ts from cce:/internal/x/prerequisite-imports as file:///Users/lamngo/Desktop/Git/cocos2D-redblue/assets/Script/Spawner.ts.
debug: Detected change: file:///Users/lamngo/Desktop/Git/cocos2D-redblue/assets/Script/InputController.ts. Last mtime: Thu May 12 2022 18:12:59 GMT+0700 (Indochina Time)@151853d4-73e2-482e-97ce-c06feb475d4d, Current mtime: Fri May 27 2022 16:29:57 GMT+0700 (Indochina Time)@151853d4-73e2-482e-97ce-c06feb475d4d
debug: Inspect file:///Users/lamngo/Desktop/Git/cocos2D-redblue/assets/Script/InputController.ts
debug: Resolve cce:/internal/code-quality/cr.mjs from file:///Users/lamngo/Desktop/Git/cocos2D-redblue/assets/Script/InputController.ts as cce:/internal/code-quality/cr.mjs.
debug: Resolve cc from file:///Users/lamngo/Desktop/Git/cocos2D-redblue/assets/Script/InputController.ts as cce:/internal/x/cc.
debug: Resolve cc from file:///Users/lamngo/Desktop/Git/cocos2D-redblue/assets/Script/InputController.ts as cce:/internal/x/cc.
debug: Resolve ./GameManager from file:///Users/lamngo/Desktop/Git/cocos2D-redblue/assets/Script/InputController.ts as file:///Users/lamngo/Desktop/Git/cocos2D-redblue/assets/Script/GameManager.ts.
debug: Resolve ./PlayerController from file:///Users/lamngo/Desktop/Git/cocos2D-redblue/assets/Script/InputController.ts as file:///Users/lamngo/Desktop/Git/cocos2D-redblue/assets/Script/PlayerController.ts.
debug: Target(preview) ends with cost 161.68130201101303ms.
